C:\USERS\GAURAV\DOCUMENTS\VISUAL STUDIO 2010\PROJECTS\ALLEGRO_GAME_PROJECT\ALLEGRO_GAME_PROJECT\DEBUG\1.ALLEGRO_TEST.OBJ
C:\USERS\GAURAV\DOCUMENTS\VISUAL STUDIO 2010\PROJECTS\ALLEGRO_GAME_PROJECT\ALLEGRO_GAME_PROJECT\DEBUG\2.ALLEGRO_TEXT_AND_FONT.OBJ
C:\USERS\GAURAV\DOCUMENTS\VISUAL STUDIO 2010\PROJECTS\ALLEGRO_GAME_PROJECT\ALLEGRO_GAME_PROJECT\DEBUG\3.ALLEGRO_PRIMITIVES.OBJ
C:\USERS\GAURAV\DOCUMENTS\VISUAL STUDIO 2010\PROJECTS\ALLEGRO_GAME_PROJECT\ALLEGRO_GAME_PROJECT\DEBUG\4.KEYBOARD_INPUT_ALLEGRO_1.OBJ
C:\USERS\GAURAV\DOCUMENTS\VISUAL STUDIO 2010\PROJECTS\ALLEGRO_GAME_PROJECT\ALLEGRO_GAME_PROJECT\DEBUG\5.KEYBOARD_INPUT_ALLEGRO_2.OBJ
C:\USERS\GAURAV\DOCUMENTS\VISUAL STUDIO 2010\PROJECTS\ALLEGRO_GAME_PROJECT\ALLEGRO_GAME_PROJECT\DEBUG\6. ALLEGRO_MOUSE_INPUT.OBJ
C:\USERS\GAURAV\DOCUMENTS\VISUAL STUDIO 2010\PROJECTS\ALLEGRO_GAME_PROJECT\ALLEGRO_GAME_PROJECT\DEBUG\7. ALLEGRO_GAME_TIMER .OBJ
C:\USERS\GAURAV\DOCUMENTS\VISUAL STUDIO 2010\PROJECTS\ALLEGRO_GAME_PROJECT\ALLEGRO_GAME_PROJECT\DEBUG\8. ADVANCED_TIME_GAME_OOP.OBJ
C:\USERS\GAURAV\DOCUMENTS\VISUAL STUDIO 2010\PROJECTS\ALLEGRO_GAME_PROJECT\ALLEGRO_GAME_PROJECT\DEBUG\ALLEGRO_GAME_PROJECT.EXE.INTERMEDIATE.MANIFEST
C:\Users\Gaurav\Documents\Visual Studio 2010\Projects\ALLEGRO_GAME_PROJECT\ALLEGRO_GAME_PROJECT\Debug\ALLEGRO_GAME_PROJECT.vcxprojResolveAssemblyReference.cache
C:\Users\Gaurav\Documents\Visual Studio 2010\Projects\ALLEGRO_GAME_PROJECT\ALLEGRO_GAME_PROJECT\Debug\ALLEGRO_GAME_PROJECT.write.1.tlog
C:\Users\Gaurav\Documents\Visual Studio 2010\Projects\ALLEGRO_GAME_PROJECT\ALLEGRO_GAME_PROJECT\Debug\cl.command.1.tlog
C:\Users\Gaurav\Documents\Visual Studio 2010\Projects\ALLEGRO_GAME_PROJECT\ALLEGRO_GAME_PROJECT\Debug\CL.read.1.tlog
C:\Users\Gaurav\Documents\Visual Studio 2010\Projects\ALLEGRO_GAME_PROJECT\ALLEGRO_GAME_PROJECT\Debug\CL.write.1.tlog
C:\Users\Gaurav\Documents\Visual Studio 2010\Projects\ALLEGRO_GAME_PROJECT\ALLEGRO_GAME_PROJECT\Debug\link.command.1.tlog
C:\Users\Gaurav\Documents\Visual Studio 2010\Projects\ALLEGRO_GAME_PROJECT\ALLEGRO_GAME_PROJECT\Debug\link.read.1.tlog
C:\Users\Gaurav\Documents\Visual Studio 2010\Projects\ALLEGRO_GAME_PROJECT\ALLEGRO_GAME_PROJECT\Debug\link.write.1.tlog
C:\USERS\GAURAV\DOCUMENTS\VISUAL STUDIO 2010\PROJECTS\ALLEGRO_GAME_PROJECT\ALLEGRO_GAME_PROJECT\DEBUG\MAIN.OBJ
C:\Users\Gaurav\Documents\Visual Studio 2010\Projects\ALLEGRO_GAME_PROJECT\ALLEGRO_GAME_PROJECT\Debug\mt.command.1.tlog
C:\Users\Gaurav\Documents\Visual Studio 2010\Projects\ALLEGRO_GAME_PROJECT\ALLEGRO_GAME_PROJECT\Debug\mt.read.1.tlog
C:\Users\Gaurav\Documents\Visual Studio 2010\Projects\ALLEGRO_GAME_PROJECT\ALLEGRO_GAME_PROJECT\Debug\mt.write.1.tlog
C:\USERS\GAURAV\DOCUMENTS\VISUAL STUDIO 2010\PROJECTS\ALLEGRO_GAME_PROJECT\ALLEGRO_GAME_PROJECT\DEBUG\SIDESHOOTER_V3_3.OBJ
C:\USERS\GAURAV\DOCUMENTS\VISUAL STUDIO 2010\PROJECTS\ALLEGRO_GAME_PROJECT\ALLEGRO_GAME_PROJECT\DEBUG\SPACEINVADERS.OBJ
C:\Users\Gaurav\Documents\Visual Studio 2010\Projects\ALLEGRO_GAME_PROJECT\ALLEGRO_GAME_PROJECT\Debug\vc100.idb
C:\USERS\GAURAV\DOCUMENTS\VISUAL STUDIO 2010\PROJECTS\ALLEGRO_GAME_PROJECT\ALLEGRO_GAME_PROJECT\DEBUG\VC100.PDB
C:\USERS\GAURAV\DOCUMENTS\VISUAL STUDIO 2010\PROJECTS\ALLEGRO_GAME_PROJECT\DEBUG\ALLEGRO_GAME_PROJECT.EXE
C:\USERS\GAURAV\DOCUMENTS\VISUAL STUDIO 2010\PROJECTS\ALLEGRO_GAME_PROJECT\DEBUG\ALLEGRO_GAME_PROJECT.ILK
C:\USERS\GAURAV\DOCUMENTS\VISUAL STUDIO 2010\PROJECTS\ALLEGRO_GAME_PROJECT\DEBUG\ALLEGRO_GAME_PROJECT.PDB
